2025-12-21 12:45:16,163 - __main__ - INFO - Initialized FundamentalsIngestionPipeline with provider: yahoo
2025-12-21 12:45:16,164 - __main__ - INFO - ============================================================
2025-12-21 12:45:16,165 - __main__ - INFO - STARTING FUNDAMENTALS INGESTION PIPELINE
2025-12-21 12:45:16,168 - __main__ - INFO - ============================================================
2025-12-21 12:45:16,169 - __main__ - INFO - Provider: yahoo
2025-12-21 12:45:16,171 - __main__ - INFO - Symbols: 69
2025-12-21 12:45:16,171 - __main__ - INFO - ============================================================
2025-12-21 12:45:16,173 - __main__ - INFO - 
[1/2] Ingesting quarterly fundamentals...
2025-12-21 12:45:16,175 - __main__ - INFO - Starting quarterly fundamentals ingestion for 69 symbols
2025-12-21 12:45:16,318 - __main__ - INFO - PostgreSQL connection established
2025-12-21 12:45:16,318 - __main__ - INFO - Fetching data for TCS.NS...
2025-12-21 12:45:22,864 - __main__ - INFO - Saved normalized CSV: C:\Projects\AI-Powered-Mobile-Stock-Screener-and-Advisory-Platform\data\processed\fundamentals\quarterly\TCS.NS_quarterly_normalized.csv
2025-12-21 12:45:22,955 - __main__ - INFO - [OK] Ingested 6 quarterly records for TCS.NS
2025-12-21 12:45:22,955 - __main__ - INFO - Fetching data for INFY.NS...
2025-12-21 12:45:29,667 - __main__ - INFO - Saved normalized CSV: C:\Projects\AI-Powered-Mobile-Stock-Screener-and-Advisory-Platform\data\processed\fundamentals\quarterly\INFY.NS_quarterly_normalized.csv
2025-12-21 12:45:29,681 - __main__ - INFO - [OK] Ingested 7 quarterly records for INFY.NS
2025-12-21 12:45:29,682 - __main__ - INFO - Fetching data for WIPRO.NS...
2025-12-21 12:45:34,750 - __main__ - INFO - Saved normalized CSV: C:\Projects\AI-Powered-Mobile-Stock-Screener-and-Advisory-Platform\data\processed\fundamentals\quarterly\WIPRO.NS_quarterly_normalized.csv
2025-12-21 12:45:34,764 - __main__ - INFO - [OK] Ingested 6 quarterly records for WIPRO.NS
2025-12-21 12:45:34,764 - __main__ - INFO - Fetching data for HCLTECH.NS...
2025-12-21 12:45:39,743 - __main__ - INFO - Saved normalized CSV: C:\Projects\AI-Powered-Mobile-Stock-Screener-and-Advisory-Platform\data\processed\fundamentals\quarterly\HCLTECH.NS_quarterly_normalized.csv
2025-12-21 12:45:39,764 - __main__ - INFO - [OK] Ingested 5 quarterly records for HCLTECH.NS
2025-12-21 12:45:39,764 - __main__ - INFO - Fetching data for TECHM.NS...
2025-12-21 12:45:45,405 - __main__ - INFO - Saved normalized CSV: C:\Projects\AI-Powered-Mobile-Stock-Screener-and-Advisory-Platform\data\processed\fundamentals\quarterly\TECHM.NS_quarterly_normalized.csv
2025-12-21 12:45:45,438 - __main__ - INFO - [OK] Ingested 5 quarterly records for TECHM.NS
2025-12-21 12:45:45,438 - __main__ - INFO - Fetching data for LTIM.NS...
2025-12-21 12:45:50,275 - __main__ - INFO - Saved normalized CSV: C:\Projects\AI-Powered-Mobile-Stock-Screener-and-Advisory-Platform\data\processed\fundamentals\quarterly\LTIM.NS_quarterly_normalized.csv
2025-12-21 12:45:50,302 - __main__ - INFO - [OK] Ingested 5 quarterly records for LTIM.NS
2025-12-21 12:45:50,303 - __main__ - INFO - Fetching data for PERSISTENT.NS...
2025-12-21 12:45:56,178 - __main__ - INFO - Saved normalized CSV: C:\Projects\AI-Powered-Mobile-Stock-Screener-and-Advisory-Platform\data\processed\fundamentals\quarterly\PERSISTENT.NS_quarterly_normalized.csv
2025-12-21 12:45:56,205 - __main__ - INFO - [OK] Ingested 6 quarterly records for PERSISTENT.NS
2025-12-21 12:45:56,206 - __main__ - INFO - Fetching data for COFORGE.NS...
2025-12-21 12:46:01,466 - __main__ - INFO - Saved normalized CSV: C:\Projects\AI-Powered-Mobile-Stock-Screener-and-Advisory-Platform\data\processed\fundamentals\quarterly\COFORGE.NS_quarterly_normalized.csv
2025-12-21 12:46:01,499 - __main__ - INFO - [OK] Ingested 5 quarterly records for COFORGE.NS
2025-12-21 12:46:01,501 - __main__ - INFO - Fetching data for HDFCBANK.NS...
2025-12-21 12:46:06,711 - __main__ - INFO - Saved normalized CSV: C:\Projects\AI-Powered-Mobile-Stock-Screener-and-Advisory-Platform\data\processed\fundamentals\quarterly\HDFCBANK.NS_quarterly_normalized.csv
2025-12-21 12:46:06,720 - __main__ - INFO - [OK] Ingested 6 quarterly records for HDFCBANK.NS
2025-12-21 12:46:06,720 - __main__ - INFO - Fetching data for ICICIBANK.NS...
2025-12-21 12:46:12,973 - __main__ - INFO - Saved normalized CSV: C:\Projects\AI-Powered-Mobile-Stock-Screener-and-Advisory-Platform\data\processed\fundamentals\quarterly\ICICIBANK.NS_quarterly_normalized.csv
2025-12-21 12:46:12,995 - __main__ - INFO - [OK] Ingested 7 quarterly records for ICICIBANK.NS
2025-12-21 12:46:12,995 - __main__ - INFO - Fetching data for KOTAKBANK.NS...
2025-12-21 12:46:18,518 - __main__ - INFO - Saved normalized CSV: C:\Projects\AI-Powered-Mobile-Stock-Screener-and-Advisory-Platform\data\processed\fundamentals\quarterly\KOTAKBANK.NS_quarterly_normalized.csv
2025-12-21 12:46:18,557 - __main__ - INFO - [OK] Ingested 6 quarterly records for KOTAKBANK.NS
2025-12-21 12:46:18,559 - __main__ - INFO - Fetching data for AXISBANK.NS...
2025-12-21 12:46:24,268 - __main__ - INFO - Saved normalized CSV: C:\Projects\AI-Powered-Mobile-Stock-Screener-and-Advisory-Platform\data\processed\fundamentals\quarterly\AXISBANK.NS_quarterly_normalized.csv
2025-12-21 12:46:24,291 - __main__ - INFO - [OK] Ingested 5 quarterly records for AXISBANK.NS
2025-12-21 12:46:24,292 - __main__ - INFO - Fetching data for SBIN.NS...
2025-12-21 12:46:29,923 - __main__ - INFO - Saved normalized CSV: C:\Projects\AI-Powered-Mobile-Stock-Screener-and-Advisory-Platform\data\processed\fundamentals\quarterly\SBIN.NS_quarterly_normalized.csv
2025-12-21 12:46:29,956 - __main__ - INFO - [OK] Ingested 5 quarterly records for SBIN.NS
2025-12-21 12:46:29,958 - __main__ - INFO - Fetching data for INDUSINDBK.NS...
2025-12-21 12:46:35,232 - __main__ - INFO - Saved normalized CSV: C:\Projects\AI-Powered-Mobile-Stock-Screener-and-Advisory-Platform\data\processed\fundamentals\quarterly\INDUSINDBK.NS_quarterly_normalized.csv
2025-12-21 12:46:35,270 - __main__ - INFO - [OK] Ingested 5 quarterly records for INDUSINDBK.NS
2025-12-21 12:46:35,272 - __main__ - INFO - Fetching data for FEDERALBNK.NS...
2025-12-21 12:46:40,595 - __main__ - INFO - Saved normalized CSV: C:\Projects\AI-Powered-Mobile-Stock-Screener-and-Advisory-Platform\data\processed\fundamentals\quarterly\FEDERALBNK.NS_quarterly_normalized.csv
2025-12-21 12:46:40,617 - __main__ - INFO - [OK] Ingested 5 quarterly records for FEDERALBNK.NS
2025-12-21 12:46:40,617 - __main__ - INFO - Fetching data for BAJFINANCE.NS...
2025-12-21 12:46:46,157 - __main__ - INFO - Saved normalized CSV: C:\Projects\AI-Powered-Mobile-Stock-Screener-and-Advisory-Platform\data\processed\fundamentals\quarterly\BAJFINANCE.NS_quarterly_normalized.csv
2025-12-21 12:46:46,182 - __main__ - INFO - [OK] Ingested 6 quarterly records for BAJFINANCE.NS
2025-12-21 12:46:46,183 - __main__ - INFO - Fetching data for BAJAJFINSV.NS...
2025-12-21 12:46:51,381 - __main__ - INFO - Saved normalized CSV: C:\Projects\AI-Powered-Mobile-Stock-Screener-and-Advisory-Platform\data\processed\fundamentals\quarterly\BAJAJFINSV.NS_quarterly_normalized.csv
2025-12-21 12:46:51,419 - __main__ - INFO - [OK] Ingested 6 quarterly records for BAJAJFINSV.NS
2025-12-21 12:46:51,419 - __main__ - INFO - Fetching data for HDFCLIFE.NS...
2025-12-21 12:46:56,385 - __main__ - INFO - Saved normalized CSV: C:\Projects\AI-Powered-Mobile-Stock-Screener-and-Advisory-Platform\data\processed\fundamentals\quarterly\HDFCLIFE.NS_quarterly_normalized.csv
2025-12-21 12:46:56,418 - __main__ - INFO - [OK] Ingested 6 quarterly records for HDFCLIFE.NS
2025-12-21 12:46:56,418 - __main__ - INFO - Fetching data for SBILIFE.NS...
2025-12-21 12:47:00,830 - __main__ - INFO - Saved normalized CSV: C:\Projects\AI-Powered-Mobile-Stock-Screener-and-Advisory-Platform\data\processed\fundamentals\quarterly\SBILIFE.NS_quarterly_normalized.csv
2025-12-21 12:47:00,854 - __main__ - INFO - [OK] Ingested 5 quarterly records for SBILIFE.NS
2025-12-21 12:47:00,856 - __main__ - INFO - Fetching data for ICICIPRULI.NS...
2025-12-21 12:47:05,767 - __main__ - INFO - Saved normalized CSV: C:\Projects\AI-Powered-Mobile-Stock-Screener-and-Advisory-Platform\data\processed\fundamentals\quarterly\ICICIPRULI.NS_quarterly_normalized.csv
2025-12-21 12:47:05,792 - __main__ - INFO - [OK] Ingested 5 quarterly records for ICICIPRULI.NS
2025-12-21 12:47:05,794 - __main__ - INFO - Fetching data for HDFCAMC.NS...
2025-12-21 12:47:11,093 - __main__ - INFO - Saved normalized CSV: C:\Projects\AI-Powered-Mobile-Stock-Screener-and-Advisory-Platform\data\processed\fundamentals\quarterly\HDFCAMC.NS_quarterly_normalized.csv
2025-12-21 12:47:11,133 - __main__ - INFO - [OK] Ingested 6 quarterly records for HDFCAMC.NS
2025-12-21 12:47:11,133 - __main__ - INFO - Fetching data for CHOLAFIN.NS...
2025-12-21 12:47:16,537 - __main__ - INFO - Saved normalized CSV: C:\Projects\AI-Powered-Mobile-Stock-Screener-and-Advisory-Platform\data\processed\fundamentals\quarterly\CHOLAFIN.NS_quarterly_normalized.csv
2025-12-21 12:47:16,567 - __main__ - INFO - [OK] Ingested 5 quarterly records for CHOLAFIN.NS
2025-12-21 12:47:16,567 - __main__ - INFO - Fetching data for RELIANCE.NS...
2025-12-21 12:47:22,732 - __main__ - INFO - Saved normalized CSV: C:\Projects\AI-Powered-Mobile-Stock-Screener-and-Advisory-Platform\data\processed\fundamentals\quarterly\RELIANCE.NS_quarterly_normalized.csv
2025-12-21 12:47:22,762 - __main__ - INFO - [OK] Ingested 6 quarterly records for RELIANCE.NS
2025-12-21 12:47:22,762 - __main__ - INFO - Fetching data for ONGC.NS...
2025-12-21 12:47:28,737 - __main__ - INFO - Saved normalized CSV: C:\Projects\AI-Powered-Mobile-Stock-Screener-and-Advisory-Platform\data\processed\fundamentals\quarterly\ONGC.NS_quarterly_normalized.csv
2025-12-21 12:47:28,779 - __main__ - INFO - [OK] Ingested 7 quarterly records for ONGC.NS
2025-12-21 12:47:28,779 - __main__ - INFO - Fetching data for IOC.NS...
2025-12-21 12:47:35,025 - __main__ - INFO - Saved normalized CSV: C:\Projects\AI-Powered-Mobile-Stock-Screener-and-Advisory-Platform\data\processed\fundamentals\quarterly\IOC.NS_quarterly_normalized.csv
2025-12-21 12:47:35,032 - __main__ - INFO - [OK] Ingested 5 quarterly records for IOC.NS
2025-12-21 12:47:35,032 - __main__ - INFO - Fetching data for BPCL.NS...
2025-12-21 12:47:41,032 - __main__ - INFO - Saved normalized CSV: C:\Projects\AI-Powered-Mobile-Stock-Screener-and-Advisory-Platform\data\processed\fundamentals\quarterly\BPCL.NS_quarterly_normalized.csv
2025-12-21 12:47:41,057 - __main__ - INFO - [OK] Ingested 5 quarterly records for BPCL.NS
2025-12-21 12:47:41,057 - __main__ - INFO - Fetching data for NTPC.NS...
2025-12-21 12:47:46,451 - __main__ - INFO - Saved normalized CSV: C:\Projects\AI-Powered-Mobile-Stock-Screener-and-Advisory-Platform\data\processed\fundamentals\quarterly\NTPC.NS_quarterly_normalized.csv
2025-12-21 12:47:46,483 - __main__ - INFO - [OK] Ingested 5 quarterly records for NTPC.NS
2025-12-21 12:47:46,485 - __main__ - INFO - Fetching data for POWERGRID.NS...
2025-12-21 12:47:52,106 - __main__ - INFO - Saved normalized CSV: C:\Projects\AI-Powered-Mobile-Stock-Screener-and-Advisory-Platform\data\processed\fundamentals\quarterly\POWERGRID.NS_quarterly_normalized.csv
2025-12-21 12:47:52,132 - __main__ - INFO - [OK] Ingested 5 quarterly records for POWERGRID.NS
2025-12-21 12:47:52,134 - __main__ - INFO - Fetching data for COALINDIA.NS...
2025-12-21 12:47:57,033 - __main__ - INFO - Saved normalized CSV: C:\Projects\AI-Powered-Mobile-Stock-Screener-and-Advisory-Platform\data\processed\fundamentals\quarterly\COALINDIA.NS_quarterly_normalized.csv
2025-12-21 12:47:57,056 - __main__ - INFO - [OK] Ingested 5 quarterly records for COALINDIA.NS
2025-12-21 12:47:57,057 - __main__ - INFO - Fetching data for MARUTI.NS...
2025-12-21 12:48:01,988 - __main__ - INFO - Saved normalized CSV: C:\Projects\AI-Powered-Mobile-Stock-Screener-and-Advisory-Platform\data\processed\fundamentals\quarterly\MARUTI.NS_quarterly_normalized.csv
2025-12-21 12:48:02,001 - __main__ - INFO - [OK] Ingested 5 quarterly records for MARUTI.NS
2025-12-21 12:48:02,002 - __main__ - INFO - Fetching data for M&M.NS...
2025-12-21 12:48:07,950 - __main__ - INFO - Saved normalized CSV: C:\Projects\AI-Powered-Mobile-Stock-Screener-and-Advisory-Platform\data\processed\fundamentals\quarterly\M&M.NS_quarterly_normalized.csv
2025-12-21 12:48:07,967 - __main__ - INFO - [OK] Ingested 6 quarterly records for M&M.NS
2025-12-21 12:48:07,967 - __main__ - INFO - Fetching data for TATAMOTORS.NS...
2025-12-21 12:48:13,651 - __main__ - INFO - Saved normalized CSV: C:\Projects\AI-Powered-Mobile-Stock-Screener-and-Advisory-Platform\data\processed\fundamentals\quarterly\TATAMOTORS.NS_quarterly_normalized.csv
2025-12-21 12:48:13,679 - __main__ - INFO - [OK] Ingested 7 quarterly records for TATAMOTORS.NS
2025-12-21 12:48:13,679 - __main__ - INFO - Fetching data for BAJAJ-AUTO.NS...
2025-12-21 12:48:19,128 - __main__ - INFO - Saved normalized CSV: C:\Projects\AI-Powered-Mobile-Stock-Screener-and-Advisory-Platform\data\processed\fundamentals\quarterly\BAJAJ-AUTO.NS_quarterly_normalized.csv
2025-12-21 12:48:19,143 - __main__ - INFO - [OK] Ingested 6 quarterly records for BAJAJ-AUTO.NS
2025-12-21 12:48:19,143 - __main__ - INFO - Fetching data for HEROMOTOCO.NS...
2025-12-21 12:48:25,648 - __main__ - INFO - Saved normalized CSV: C:\Projects\AI-Powered-Mobile-Stock-Screener-and-Advisory-Platform\data\processed\fundamentals\quarterly\HEROMOTOCO.NS_quarterly_normalized.csv
2025-12-21 12:48:25,683 - __main__ - INFO - [OK] Ingested 7 quarterly records for HEROMOTOCO.NS
2025-12-21 12:48:25,683 - __main__ - INFO - Fetching data for EICHERMOT.NS...
2025-12-21 12:48:32,068 - __main__ - INFO - Saved normalized CSV: C:\Projects\AI-Powered-Mobile-Stock-Screener-and-Advisory-Platform\data\processed\fundamentals\quarterly\EICHERMOT.NS_quarterly_normalized.csv
2025-12-21 12:48:32,093 - __main__ - INFO - [OK] Ingested 6 quarterly records for EICHERMOT.NS
2025-12-21 12:48:32,093 - __main__ - INFO - Fetching data for SUNPHARMA.NS...
2025-12-21 12:48:38,034 - __main__ - INFO - Saved normalized CSV: C:\Projects\AI-Powered-Mobile-Stock-Screener-and-Advisory-Platform\data\processed\fundamentals\quarterly\SUNPHARMA.NS_quarterly_normalized.csv
2025-12-21 12:48:38,054 - __main__ - INFO - [OK] Ingested 6 quarterly records for SUNPHARMA.NS
2025-12-21 12:48:38,054 - __main__ - INFO - Fetching data for DRREDDY.NS...
2025-12-21 12:48:44,153 - __main__ - INFO - Saved normalized CSV: C:\Projects\AI-Powered-Mobile-Stock-Screener-and-Advisory-Platform\data\processed\fundamentals\quarterly\DRREDDY.NS_quarterly_normalized.csv
2025-12-21 12:48:44,172 - __main__ - INFO - [OK] Ingested 7 quarterly records for DRREDDY.NS
2025-12-21 12:48:44,175 - __main__ - INFO - Fetching data for CIPLA.NS...
2025-12-21 12:48:50,349 - __main__ - INFO - Saved normalized CSV: C:\Projects\AI-Powered-Mobile-Stock-Screener-and-Advisory-Platform\data\processed\fundamentals\quarterly\CIPLA.NS_quarterly_normalized.csv
2025-12-21 12:48:50,362 - __main__ - INFO - [OK] Ingested 6 quarterly records for CIPLA.NS
2025-12-21 12:48:50,363 - __main__ - INFO - Fetching data for DIVISLAB.NS...
2025-12-21 12:48:55,774 - __main__ - INFO - Saved normalized CSV: C:\Projects\AI-Powered-Mobile-Stock-Screener-and-Advisory-Platform\data\processed\fundamentals\quarterly\DIVISLAB.NS_quarterly_normalized.csv
2025-12-21 12:48:55,796 - __main__ - INFO - [OK] Ingested 6 quarterly records for DIVISLAB.NS
2025-12-21 12:48:55,816 - __main__ - INFO - Fetching data for AUROPHARMA.NS...
2025-12-21 12:49:02,367 - __main__ - INFO - Saved normalized CSV: C:\Projects\AI-Powered-Mobile-Stock-Screener-and-Advisory-Platform\data\processed\fundamentals\quarterly\AUROPHARMA.NS_quarterly_normalized.csv
2025-12-21 12:49:02,403 - __main__ - INFO - [OK] Ingested 6 quarterly records for AUROPHARMA.NS
2025-12-21 12:49:02,408 - __main__ - INFO - Fetching data for BIOCON.NS...
2025-12-21 12:49:07,409 - __main__ - INFO - Saved normalized CSV: C:\Projects\AI-Powered-Mobile-Stock-Screener-and-Advisory-Platform\data\processed\fundamentals\quarterly\BIOCON.NS_quarterly_normalized.csv
2025-12-21 12:49:07,430 - __main__ - INFO - [OK] Ingested 6 quarterly records for BIOCON.NS
2025-12-21 12:49:07,432 - __main__ - INFO - Fetching data for ITC.NS...
2025-12-21 12:49:12,210 - __main__ - INFO - Saved normalized CSV: C:\Projects\AI-Powered-Mobile-Stock-Screener-and-Advisory-Platform\data\processed\fundamentals\quarterly\ITC.NS_quarterly_normalized.csv
2025-12-21 12:49:12,223 - __main__ - INFO - [OK] Ingested 6 quarterly records for ITC.NS
2025-12-21 12:49:12,225 - __main__ - INFO - Fetching data for HINDUNILVR.NS...
2025-12-21 12:49:17,830 - __main__ - INFO - Saved normalized CSV: C:\Projects\AI-Powered-Mobile-Stock-Screener-and-Advisory-Platform\data\processed\fundamentals\quarterly\HINDUNILVR.NS_quarterly_normalized.csv
2025-12-21 12:49:17,852 - __main__ - INFO - [OK] Ingested 5 quarterly records for HINDUNILVR.NS
2025-12-21 12:49:17,853 - __main__ - INFO - Fetching data for NESTLEIND.NS...
2025-12-21 12:49:23,293 - __main__ - INFO - Saved normalized CSV: C:\Projects\AI-Powered-Mobile-Stock-Screener-and-Advisory-Platform\data\processed\fundamentals\quarterly\NESTLEIND.NS_quarterly_normalized.csv
2025-12-21 12:49:23,312 - __main__ - INFO - [OK] Ingested 5 quarterly records for NESTLEIND.NS
2025-12-21 12:49:23,314 - __main__ - INFO - Fetching data for BRITANNIA.NS...
2025-12-21 12:49:28,772 - __main__ - INFO - Saved normalized CSV: C:\Projects\AI-Powered-Mobile-Stock-Screener-and-Advisory-Platform\data\processed\fundamentals\quarterly\BRITANNIA.NS_quarterly_normalized.csv
2025-12-21 12:49:28,794 - __main__ - INFO - [OK] Ingested 5 quarterly records for BRITANNIA.NS
2025-12-21 12:49:28,796 - __main__ - INFO - Fetching data for DABUR.NS...
2025-12-21 12:49:34,055 - __main__ - INFO - Saved normalized CSV: C:\Projects\AI-Powered-Mobile-Stock-Screener-and-Advisory-Platform\data\processed\fundamentals\quarterly\DABUR.NS_quarterly_normalized.csv
2025-12-21 12:49:34,076 - __main__ - INFO - [OK] Ingested 5 quarterly records for DABUR.NS
2025-12-21 12:49:34,076 - __main__ - INFO - Fetching data for GODREJCP.NS...
2025-12-21 12:49:39,545 - __main__ - INFO - Saved normalized CSV: C:\Projects\AI-Powered-Mobile-Stock-Screener-and-Advisory-Platform\data\processed\fundamentals\quarterly\GODREJCP.NS_quarterly_normalized.csv
2025-12-21 12:49:39,571 - __main__ - INFO - [OK] Ingested 6 quarterly records for GODREJCP.NS
2025-12-21 12:49:39,571 - __main__ - INFO - Fetching data for MARICO.NS...
2025-12-21 12:49:44,964 - __main__ - INFO - Saved normalized CSV: C:\Projects\AI-Powered-Mobile-Stock-Screener-and-Advisory-Platform\data\processed\fundamentals\quarterly\MARICO.NS_quarterly_normalized.csv
2025-12-21 12:49:44,966 - __main__ - INFO - [OK] Ingested 6 quarterly records for MARICO.NS
2025-12-21 12:49:44,966 - __main__ - INFO - Fetching data for BHARTIARTL.NS...
2025-12-21 12:49:50,703 - __main__ - INFO - Saved normalized CSV: C:\Projects\AI-Powered-Mobile-Stock-Screener-and-Advisory-Platform\data\processed\fundamentals\quarterly\BHARTIARTL.NS_quarterly_normalized.csv
2025-12-21 12:49:50,737 - __main__ - INFO - [OK] Ingested 5 quarterly records for BHARTIARTL.NS
2025-12-21 12:49:50,737 - __main__ - INFO - Fetching data for ZEEL.NS...
2025-12-21 12:49:56,356 - __main__ - INFO - Saved normalized CSV: C:\Projects\AI-Powered-Mobile-Stock-Screener-and-Advisory-Platform\data\processed\fundamentals\quarterly\ZEEL.NS_quarterly_normalized.csv
2025-12-21 12:49:56,381 - __main__ - INFO - [OK] Ingested 6 quarterly records for ZEEL.NS
2025-12-21 12:49:56,381 - __main__ - INFO - Fetching data for SUNTV.NS...
2025-12-21 12:50:02,073 - __main__ - INFO - Saved normalized CSV: C:\Projects\AI-Powered-Mobile-Stock-Screener-and-Advisory-Platform\data\processed\fundamentals\quarterly\SUNTV.NS_quarterly_normalized.csv
2025-12-21 12:50:02,093 - __main__ - INFO - [OK] Ingested 6 quarterly records for SUNTV.NS
2025-12-21 12:50:02,093 - __main__ - INFO - Fetching data for ULTRACEMCO.NS...
2025-12-21 12:50:07,582 - __main__ - INFO - Saved normalized CSV: C:\Projects\AI-Powered-Mobile-Stock-Screener-and-Advisory-Platform\data\processed\fundamentals\quarterly\ULTRACEMCO.NS_quarterly_normalized.csv
2025-12-21 12:50:07,611 - __main__ - INFO - [OK] Ingested 5 quarterly records for ULTRACEMCO.NS
2025-12-21 12:50:07,611 - __main__ - INFO - Fetching data for GRASIM.NS...
2025-12-21 12:50:13,417 - __main__ - INFO - Saved normalized CSV: C:\Projects\AI-Powered-Mobile-Stock-Screener-and-Advisory-Platform\data\processed\fundamentals\quarterly\GRASIM.NS_quarterly_normalized.csv
2025-12-21 12:50:13,440 - __main__ - INFO - [OK] Ingested 5 quarterly records for GRASIM.NS
2025-12-21 12:50:13,442 - __main__ - INFO - Fetching data for SHREECEM.NS...
2025-12-21 12:50:19,353 - __main__ - INFO - Saved normalized CSV: C:\Projects\AI-Powered-Mobile-Stock-Screener-and-Advisory-Platform\data\processed\fundamentals\quarterly\SHREECEM.NS_quarterly_normalized.csv
2025-12-21 12:50:19,386 - __main__ - INFO - [OK] Ingested 5 quarterly records for SHREECEM.NS
2025-12-21 12:50:19,388 - __main__ - INFO - Fetching data for AMBUJACEM.NS...
2025-12-21 12:50:24,605 - __main__ - INFO - Saved normalized CSV: C:\Projects\AI-Powered-Mobile-Stock-Screener-and-Advisory-Platform\data\processed\fundamentals\quarterly\AMBUJACEM.NS_quarterly_normalized.csv
2025-12-21 12:50:24,617 - __main__ - INFO - [OK] Ingested 6 quarterly records for AMBUJACEM.NS
2025-12-21 12:50:24,617 - __main__ - INFO - Fetching data for ACC.NS...
2025-12-21 12:50:30,744 - __main__ - INFO - Saved normalized CSV: C:\Projects\AI-Powered-Mobile-Stock-Screener-and-Advisory-Platform\data\processed\fundamentals\quarterly\ACC.NS_quarterly_normalized.csv
2025-12-21 12:50:30,764 - __main__ - INFO - [OK] Ingested 5 quarterly records for ACC.NS
2025-12-21 12:50:30,764 - __main__ - INFO - Fetching data for LT.NS...
2025-12-21 12:50:36,725 - __main__ - INFO - Saved normalized CSV: C:\Projects\AI-Powered-Mobile-Stock-Screener-and-Advisory-Platform\data\processed\fundamentals\quarterly\LT.NS_quarterly_normalized.csv
2025-12-21 12:50:36,745 - __main__ - INFO - [OK] Ingested 6 quarterly records for LT.NS
2025-12-21 12:50:36,745 - __main__ - INFO - Fetching data for TATASTEEL.NS...
2025-12-21 12:50:42,761 - __main__ - INFO - Saved normalized CSV: C:\Projects\AI-Powered-Mobile-Stock-Screener-and-Advisory-Platform\data\processed\fundamentals\quarterly\TATASTEEL.NS_quarterly_normalized.csv
2025-12-21 12:50:42,784 - __main__ - INFO - [OK] Ingested 7 quarterly records for TATASTEEL.NS
2025-12-21 12:50:42,785 - __main__ - INFO - Fetching data for HINDALCO.NS...
2025-12-21 12:50:49,047 - __main__ - INFO - Saved normalized CSV: C:\Projects\AI-Powered-Mobile-Stock-Screener-and-Advisory-Platform\data\processed\fundamentals\quarterly\HINDALCO.NS_quarterly_normalized.csv
2025-12-21 12:50:49,079 - __main__ - INFO - [OK] Ingested 7 quarterly records for HINDALCO.NS
2025-12-21 12:50:49,079 - __main__ - INFO - Fetching data for JSWSTEEL.NS...
2025-12-21 12:50:54,690 - __main__ - INFO - Saved normalized CSV: C:\Projects\AI-Powered-Mobile-Stock-Screener-and-Advisory-Platform\data\processed\fundamentals\quarterly\JSWSTEEL.NS_quarterly_normalized.csv
2025-12-21 12:50:54,716 - __main__ - INFO - [OK] Ingested 6 quarterly records for JSWSTEEL.NS
2025-12-21 12:50:54,722 - __main__ - INFO - Fetching data for VEDL.NS...
2025-12-21 12:51:00,187 - __main__ - INFO - Saved normalized CSV: C:\Projects\AI-Powered-Mobile-Stock-Screener-and-Advisory-Platform\data\processed\fundamentals\quarterly\VEDL.NS_quarterly_normalized.csv
2025-12-21 12:51:00,218 - __main__ - INFO - [OK] Ingested 6 quarterly records for VEDL.NS
2025-12-21 12:51:00,218 - __main__ - INFO - Fetching data for HINDZINC.NS...
2025-12-21 12:51:05,867 - __main__ - INFO - Saved normalized CSV: C:\Projects\AI-Powered-Mobile-Stock-Screener-and-Advisory-Platform\data\processed\fundamentals\quarterly\HINDZINC.NS_quarterly_normalized.csv
2025-12-21 12:51:05,888 - __main__ - INFO - [OK] Ingested 5 quarterly records for HINDZINC.NS
2025-12-21 12:51:05,888 - __main__ - INFO - Fetching data for TITAN.NS...
2025-12-21 12:51:11,653 - __main__ - INFO - Saved normalized CSV: C:\Projects\AI-Powered-Mobile-Stock-Screener-and-Advisory-Platform\data\processed\fundamentals\quarterly\TITAN.NS_quarterly_normalized.csv
2025-12-21 12:51:11,694 - __main__ - INFO - [OK] Ingested 5 quarterly records for TITAN.NS
2025-12-21 12:51:11,696 - __main__ - INFO - Fetching data for DMART.NS...
2025-12-21 12:51:16,341 - __main__ - INFO - Saved normalized CSV: C:\Projects\AI-Powered-Mobile-Stock-Screener-and-Advisory-Platform\data\processed\fundamentals\quarterly\DMART.NS_quarterly_normalized.csv
2025-12-21 12:51:16,364 - __main__ - INFO - [OK] Ingested 5 quarterly records for DMART.NS
2025-12-21 12:51:16,366 - __main__ - INFO - Fetching data for TRENT.NS...
2025-12-21 12:51:21,383 - __main__ - INFO - Saved normalized CSV: C:\Projects\AI-Powered-Mobile-Stock-Screener-and-Advisory-Platform\data\processed\fundamentals\quarterly\TRENT.NS_quarterly_normalized.csv
2025-12-21 12:51:21,398 - __main__ - INFO - [OK] Ingested 7 quarterly records for TRENT.NS
2025-12-21 12:51:21,398 - __main__ - INFO - Fetching data for ABFRL.NS...
2025-12-21 12:51:25,951 - __main__ - INFO - Saved normalized CSV: C:\Projects\AI-Powered-Mobile-Stock-Screener-and-Advisory-Platform\data\processed\fundamentals\quarterly\ABFRL.NS_quarterly_normalized.csv
2025-12-21 12:51:25,980 - __main__ - INFO - [OK] Ingested 6 quarterly records for ABFRL.NS
2025-12-21 12:51:25,982 - __main__ - INFO - Fetching data for ASIANPAINT.NS...
2025-12-21 12:51:31,317 - __main__ - INFO - Saved normalized CSV: C:\Projects\AI-Powered-Mobile-Stock-Screener-and-Advisory-Platform\data\processed\fundamentals\quarterly\ASIANPAINT.NS_quarterly_normalized.csv
2025-12-21 12:51:31,342 - __main__ - INFO - [OK] Ingested 6 quarterly records for ASIANPAINT.NS
2025-12-21 12:51:31,343 - __main__ - INFO - Fetching data for BERGER.NS...
2025-12-21 12:51:33,875 - yfinance - ERROR - HTTP Error 404: {"quoteSummary":{"result":null,"error":{"code":"Not Found","description":"Quote not found for symbol: BERGER.NS"}}}
2025-12-21 12:51:35,194 - yfinance - ERROR - HTTP Error 404: {"quoteSummary":{"result":null,"error":{"code":"Not Found","description":"Quote not found for symbol: BERGER.NS"}}}
2025-12-21 12:51:35,920 - yfinance - ERROR - HTTP Error 404: {"quoteSummary":{"result":null,"error":{"code":"Not Found","description":"Quote not found for symbol: BERGER.NS"}}}
2025-12-21 12:51:36,855 - yfinance - ERROR - HTTP Error 404: {"quoteSummary":{"result":null,"error":{"code":"Not Found","description":"Quote not found for symbol: BERGER.NS"}}}
2025-12-21 12:51:38,019 - yfinance - ERROR - $BERGER.NS: possibly delisted; no timezone found
2025-12-21 12:51:38,024 - __main__ - WARNING - No quarterly data for BERGER.NS
2025-12-21 12:51:38,024 - __main__ - INFO - Fetching data for PIDILITIND.NS...
2025-12-21 12:51:43,576 - __main__ - INFO - Saved normalized CSV: C:\Projects\AI-Powered-Mobile-Stock-Screener-and-Advisory-Platform\data\processed\fundamentals\quarterly\PIDILITIND.NS_quarterly_normalized.csv
2025-12-21 12:51:43,593 - __main__ - INFO - [OK] Ingested 5 quarterly records for PIDILITIND.NS
2025-12-21 12:51:43,595 - __main__ - INFO - Quarterly fundamentals ingestion complete: 387 total records
2025-12-21 12:51:43,598 - __main__ - INFO - 
[2/2] Ingesting annual fundamentals...
2025-12-21 12:51:43,601 - __main__ - INFO - Starting annual fundamentals ingestion for 69 symbols
2025-12-21 12:51:43,837 - __main__ - INFO - PostgreSQL connection established
2025-12-21 12:51:43,837 - __main__ - INFO - Fetching data for TCS.NS...
2025-12-21 12:51:49,364 - __main__ - INFO - Saved normalized CSV: C:\Projects\AI-Powered-Mobile-Stock-Screener-and-Advisory-Platform\data\processed\fundamentals\annual\TCS.NS_annual_normalized.csv
2025-12-21 12:51:49,405 - __main__ - INFO - [OK] Ingested 4 annual records for TCS.NS
2025-12-21 12:51:49,405 - __main__ - INFO - Fetching data for INFY.NS...
2025-12-21 12:51:54,798 - __main__ - INFO - Saved normalized CSV: C:\Projects\AI-Powered-Mobile-Stock-Screener-and-Advisory-Platform\data\processed\fundamentals\annual\INFY.NS_annual_normalized.csv
2025-12-21 12:51:54,814 - __main__ - INFO - [OK] Ingested 5 annual records for INFY.NS
2025-12-21 12:51:54,814 - __main__ - INFO - Fetching data for WIPRO.NS...
2025-12-21 12:52:00,762 - __main__ - INFO - Saved normalized CSV: C:\Projects\AI-Powered-Mobile-Stock-Screener-and-Advisory-Platform\data\processed\fundamentals\annual\WIPRO.NS_annual_normalized.csv
2025-12-21 12:52:00,789 - __main__ - INFO - [OK] Ingested 5 annual records for WIPRO.NS
2025-12-21 12:52:00,789 - __main__ - INFO - Fetching data for HCLTECH.NS...
2025-12-21 12:52:05,953 - __main__ - INFO - Saved normalized CSV: C:\Projects\AI-Powered-Mobile-Stock-Screener-and-Advisory-Platform\data\processed\fundamentals\annual\HCLTECH.NS_annual_normalized.csv
2025-12-21 12:52:05,969 - __main__ - INFO - [OK] Ingested 5 annual records for HCLTECH.NS
2025-12-21 12:52:05,969 - __main__ - INFO - Fetching data for TECHM.NS...
2025-12-21 12:52:10,816 - __main__ - INFO - Saved normalized CSV: C:\Projects\AI-Powered-Mobile-Stock-Screener-and-Advisory-Platform\data\processed\fundamentals\annual\TECHM.NS_annual_normalized.csv
2025-12-21 12:52:10,849 - __main__ - INFO - [OK] Ingested 4 annual records for TECHM.NS
2025-12-21 12:52:10,850 - __main__ - INFO - Fetching data for LTIM.NS...
2025-12-21 12:52:15,868 - __main__ - INFO - Saved normalized CSV: C:\Projects\AI-Powered-Mobile-Stock-Screener-and-Advisory-Platform\data\processed\fundamentals\annual\LTIM.NS_annual_normalized.csv
2025-12-21 12:52:15,875 - __main__ - INFO - [OK] Ingested 5 annual records for LTIM.NS
2025-12-21 12:52:15,875 - __main__ - INFO - Fetching data for PERSISTENT.NS...
2025-12-21 12:52:20,995 - __main__ - INFO - Saved normalized CSV: C:\Projects\AI-Powered-Mobile-Stock-Screener-and-Advisory-Platform\data\processed\fundamentals\annual\PERSISTENT.NS_annual_normalized.csv
2025-12-21 12:52:21,003 - __main__ - INFO - [OK] Ingested 4 annual records for PERSISTENT.NS
2025-12-21 12:52:21,003 - __main__ - INFO - Fetching data for COFORGE.NS...
2025-12-21 12:52:27,428 - __main__ - INFO - Saved normalized CSV: C:\Projects\AI-Powered-Mobile-Stock-Screener-and-Advisory-Platform\data\processed\fundamentals\annual\COFORGE.NS_annual_normalized.csv
2025-12-21 12:52:27,468 - __main__ - INFO - [OK] Ingested 5 annual records for COFORGE.NS
2025-12-21 12:52:27,475 - __main__ - INFO - Fetching data for HDFCBANK.NS...
2025-12-21 12:52:33,928 - __main__ - INFO - Saved normalized CSV: C:\Projects\AI-Powered-Mobile-Stock-Screener-and-Advisory-Platform\data\processed\fundamentals\annual\HDFCBANK.NS_annual_normalized.csv
2025-12-21 12:52:33,956 - __main__ - INFO - [OK] Ingested 5 annual records for HDFCBANK.NS
2025-12-21 12:52:33,956 - __main__ - INFO - Fetching data for ICICIBANK.NS...
2025-12-21 12:52:39,204 - __main__ - INFO - Saved normalized CSV: C:\Projects\AI-Powered-Mobile-Stock-Screener-and-Advisory-Platform\data\processed\fundamentals\annual\ICICIBANK.NS_annual_normalized.csv
2025-12-21 12:52:39,221 - __main__ - INFO - [OK] Ingested 5 annual records for ICICIBANK.NS
2025-12-21 12:52:39,225 - __main__ - INFO - Fetching data for KOTAKBANK.NS...
2025-12-21 12:52:47,570 - __main__ - INFO - Saved normalized CSV: C:\Projects\AI-Powered-Mobile-Stock-Screener-and-Advisory-Platform\data\processed\fundamentals\annual\KOTAKBANK.NS_annual_normalized.csv
2025-12-21 12:52:47,934 - __main__ - INFO - [OK] Ingested 5 annual records for KOTAKBANK.NS
2025-12-21 12:52:48,037 - __main__ - INFO - Fetching data for AXISBANK.NS...
2025-12-21 12:52:59,252 - __main__ - INFO - Saved normalized CSV: C:\Projects\AI-Powered-Mobile-Stock-Screener-and-Advisory-Platform\data\processed\fundamentals\annual\AXISBANK.NS_annual_normalized.csv
2025-12-21 12:52:59,293 - __main__ - INFO - [OK] Ingested 5 annual records for AXISBANK.NS
2025-12-21 12:52:59,355 - __main__ - INFO - Fetching data for SBIN.NS...
2025-12-21 12:53:04,417 - __main__ - INFO - Saved normalized CSV: C:\Projects\AI-Powered-Mobile-Stock-Screener-and-Advisory-Platform\data\processed\fundamentals\annual\SBIN.NS_annual_normalized.csv
2025-12-21 12:53:04,430 - __main__ - INFO - [OK] Ingested 4 annual records for SBIN.NS
2025-12-21 12:53:04,435 - __main__ - INFO - Fetching data for INDUSINDBK.NS...
2025-12-21 12:53:08,815 - __main__ - INFO - Saved normalized CSV: C:\Projects\AI-Powered-Mobile-Stock-Screener-and-Advisory-Platform\data\processed\fundamentals\annual\INDUSINDBK.NS_annual_normalized.csv
2025-12-21 12:53:08,826 - __main__ - INFO - [OK] Ingested 4 annual records for INDUSINDBK.NS
2025-12-21 12:53:08,826 - __main__ - INFO - Fetching data for FEDERALBNK.NS...
2025-12-21 12:53:13,043 - __main__ - INFO - Saved normalized CSV: C:\Projects\AI-Powered-Mobile-Stock-Screener-and-Advisory-Platform\data\processed\fundamentals\annual\FEDERALBNK.NS_annual_normalized.csv
2025-12-21 12:53:13,062 - __main__ - INFO - [OK] Ingested 5 annual records for FEDERALBNK.NS
2025-12-21 12:53:13,062 - __main__ - INFO - Fetching data for BAJFINANCE.NS...
2025-12-21 12:53:17,398 - __main__ - INFO - Saved normalized CSV: C:\Projects\AI-Powered-Mobile-Stock-Screener-and-Advisory-Platform\data\processed\fundamentals\annual\BAJFINANCE.NS_annual_normalized.csv
2025-12-21 12:53:17,411 - __main__ - INFO - [OK] Ingested 4 annual records for BAJFINANCE.NS
2025-12-21 12:53:17,411 - __main__ - INFO - Fetching data for BAJAJFINSV.NS...
2025-12-21 12:53:21,652 - __main__ - INFO - Saved normalized CSV: C:\Projects\AI-Powered-Mobile-Stock-Screener-and-Advisory-Platform\data\processed\fundamentals\annual\BAJAJFINSV.NS_annual_normalized.csv
2025-12-21 12:53:21,660 - __main__ - INFO - [OK] Ingested 4 annual records for BAJAJFINSV.NS
2025-12-21 12:53:21,663 - __main__ - INFO - Fetching data for HDFCLIFE.NS...
2025-12-21 12:53:25,904 - __main__ - INFO - Saved normalized CSV: C:\Projects\AI-Powered-Mobile-Stock-Screener-and-Advisory-Platform\data\processed\fundamentals\annual\HDFCLIFE.NS_annual_normalized.csv
2025-12-21 12:53:25,920 - __main__ - INFO - [OK] Ingested 4 annual records for HDFCLIFE.NS
2025-12-21 12:53:25,920 - __main__ - INFO - Fetching data for SBILIFE.NS...
2025-12-21 12:53:30,061 - __main__ - INFO - Saved normalized CSV: C:\Projects\AI-Powered-Mobile-Stock-Screener-and-Advisory-Platform\data\processed\fundamentals\annual\SBILIFE.NS_annual_normalized.csv
2025-12-21 12:53:30,073 - __main__ - INFO - [OK] Ingested 5 annual records for SBILIFE.NS
2025-12-21 12:53:30,073 - __main__ - INFO - Fetching data for ICICIPRULI.NS...
2025-12-21 12:53:33,874 - __main__ - INFO - Saved normalized CSV: C:\Projects\AI-Powered-Mobile-Stock-Screener-and-Advisory-Platform\data\processed\fundamentals\annual\ICICIPRULI.NS_annual_normalized.csv
2025-12-21 12:53:33,884 - __main__ - INFO - [OK] Ingested 4 annual records for ICICIPRULI.NS
2025-12-21 12:53:33,884 - __main__ - INFO - Fetching data for HDFCAMC.NS...
2025-12-21 12:53:38,872 - __main__ - INFO - Saved normalized CSV: C:\Projects\AI-Powered-Mobile-Stock-Screener-and-Advisory-Platform\data\processed\fundamentals\annual\HDFCAMC.NS_annual_normalized.csv
2025-12-21 12:53:38,872 - __main__ - INFO - [OK] Ingested 5 annual records for HDFCAMC.NS
2025-12-21 12:53:38,882 - __main__ - INFO - Fetching data for CHOLAFIN.NS...
2025-12-21 12:53:43,353 - __main__ - INFO - Saved normalized CSV: C:\Projects\AI-Powered-Mobile-Stock-Screener-and-Advisory-Platform\data\processed\fundamentals\annual\CHOLAFIN.NS_annual_normalized.csv
2025-12-21 12:53:43,361 - __main__ - INFO - [OK] Ingested 5 annual records for CHOLAFIN.NS
2025-12-21 12:53:43,361 - __main__ - INFO - Fetching data for RELIANCE.NS...
2025-12-21 12:53:50,571 - __main__ - INFO - Saved normalized CSV: C:\Projects\AI-Powered-Mobile-Stock-Screener-and-Advisory-Platform\data\processed\fundamentals\annual\RELIANCE.NS_annual_normalized.csv
2025-12-21 12:53:50,582 - __main__ - INFO - [OK] Ingested 5 annual records for RELIANCE.NS
2025-12-21 12:53:50,582 - __main__ - INFO - Fetching data for ONGC.NS...
2025-12-21 12:53:57,969 - __main__ - INFO - Saved normalized CSV: C:\Projects\AI-Powered-Mobile-Stock-Screener-and-Advisory-Platform\data\processed\fundamentals\annual\ONGC.NS_annual_normalized.csv
2025-12-21 12:53:57,986 - __main__ - INFO - [OK] Ingested 4 annual records for ONGC.NS
2025-12-21 12:53:57,987 - __main__ - INFO - Fetching data for IOC.NS...
2025-12-21 12:54:03,437 - __main__ - INFO - Saved normalized CSV: C:\Projects\AI-Powered-Mobile-Stock-Screener-and-Advisory-Platform\data\processed\fundamentals\annual\IOC.NS_annual_normalized.csv
2025-12-21 12:54:03,449 - __main__ - INFO - [OK] Ingested 4 annual records for IOC.NS
2025-12-21 12:54:03,452 - __main__ - INFO - Fetching data for BPCL.NS...
2025-12-21 12:54:08,146 - __main__ - INFO - Saved normalized CSV: C:\Projects\AI-Powered-Mobile-Stock-Screener-and-Advisory-Platform\data\processed\fundamentals\annual\BPCL.NS_annual_normalized.csv
2025-12-21 12:54:08,153 - __main__ - INFO - [OK] Ingested 4 annual records for BPCL.NS
2025-12-21 12:54:08,153 - __main__ - INFO - Fetching data for NTPC.NS...
2025-12-21 12:54:13,346 - __main__ - INFO - Saved normalized CSV: C:\Projects\AI-Powered-Mobile-Stock-Screener-and-Advisory-Platform\data\processed\fundamentals\annual\NTPC.NS_annual_normalized.csv
2025-12-21 12:54:13,355 - __main__ - INFO - [OK] Ingested 5 annual records for NTPC.NS
2025-12-21 12:54:13,355 - __main__ - INFO - Fetching data for POWERGRID.NS...
2025-12-21 12:54:18,100 - __main__ - INFO - Saved normalized CSV: C:\Projects\AI-Powered-Mobile-Stock-Screener-and-Advisory-Platform\data\processed\fundamentals\annual\POWERGRID.NS_annual_normalized.csv
2025-12-21 12:54:18,102 - __main__ - INFO - [OK] Ingested 5 annual records for POWERGRID.NS
2025-12-21 12:54:18,102 - __main__ - INFO - Fetching data for COALINDIA.NS...
2025-12-21 12:54:22,264 - __main__ - INFO - Saved normalized CSV: C:\Projects\AI-Powered-Mobile-Stock-Screener-and-Advisory-Platform\data\processed\fundamentals\annual\COALINDIA.NS_annual_normalized.csv
2025-12-21 12:54:22,271 - __main__ - INFO - [OK] Ingested 5 annual records for COALINDIA.NS
2025-12-21 12:54:22,273 - __main__ - INFO - Fetching data for MARUTI.NS...
2025-12-21 12:54:26,849 - __main__ - INFO - Saved normalized CSV: C:\Projects\AI-Powered-Mobile-Stock-Screener-and-Advisory-Platform\data\processed\fundamentals\annual\MARUTI.NS_annual_normalized.csv
2025-12-21 12:54:26,860 - __main__ - INFO - [OK] Ingested 5 annual records for MARUTI.NS
2025-12-21 12:54:26,860 - __main__ - INFO - Fetching data for M&M.NS...
2025-12-21 12:54:31,645 - __main__ - INFO - Saved normalized CSV: C:\Projects\AI-Powered-Mobile-Stock-Screener-and-Advisory-Platform\data\processed\fundamentals\annual\M&M.NS_annual_normalized.csv
2025-12-21 12:54:31,655 - __main__ - INFO - [OK] Ingested 5 annual records for M&M.NS
2025-12-21 12:54:31,657 - __main__ - INFO - Fetching data for TATAMOTORS.NS...
2025-12-21 12:54:36,926 - __main__ - INFO - Saved normalized CSV: C:\Projects\AI-Powered-Mobile-Stock-Screener-and-Advisory-Platform\data\processed\fundamentals\annual\TATAMOTORS.NS_annual_normalized.csv
2025-12-21 12:54:36,937 - __main__ - INFO - [OK] Ingested 5 annual records for TATAMOTORS.NS
2025-12-21 12:54:36,937 - __main__ - INFO - Fetching data for BAJAJ-AUTO.NS...
2025-12-21 12:54:42,094 - __main__ - INFO - Saved normalized CSV: C:\Projects\AI-Powered-Mobile-Stock-Screener-and-Advisory-Platform\data\processed\fundamentals\annual\BAJAJ-AUTO.NS_annual_normalized.csv
2025-12-21 12:54:42,111 - __main__ - INFO - [OK] Ingested 4 annual records for BAJAJ-AUTO.NS
2025-12-21 12:54:42,116 - __main__ - INFO - Fetching data for HEROMOTOCO.NS...
2025-12-21 12:54:47,028 - __main__ - INFO - Saved normalized CSV: C:\Projects\AI-Powered-Mobile-Stock-Screener-and-Advisory-Platform\data\processed\fundamentals\annual\HEROMOTOCO.NS_annual_normalized.csv
2025-12-21 12:54:47,039 - __main__ - INFO - [OK] Ingested 5 annual records for HEROMOTOCO.NS
2025-12-21 12:54:47,039 - __main__ - INFO - Fetching data for EICHERMOT.NS...
2025-12-21 12:54:52,908 - __main__ - INFO - Saved normalized CSV: C:\Projects\AI-Powered-Mobile-Stock-Screener-and-Advisory-Platform\data\processed\fundamentals\annual\EICHERMOT.NS_annual_normalized.csv
2025-12-21 12:54:52,917 - __main__ - INFO - [OK] Ingested 5 annual records for EICHERMOT.NS
2025-12-21 12:54:52,917 - __main__ - INFO - Fetching data for SUNPHARMA.NS...
2025-12-21 12:54:58,208 - __main__ - INFO - Saved normalized CSV: C:\Projects\AI-Powered-Mobile-Stock-Screener-and-Advisory-Platform\data\processed\fundamentals\annual\SUNPHARMA.NS_annual_normalized.csv
2025-12-21 12:54:58,216 - __main__ - INFO - [OK] Ingested 4 annual records for SUNPHARMA.NS
2025-12-21 12:54:58,216 - __main__ - INFO - Fetching data for DRREDDY.NS...
2025-12-21 12:55:04,591 - __main__ - INFO - Saved normalized CSV: C:\Projects\AI-Powered-Mobile-Stock-Screener-and-Advisory-Platform\data\processed\fundamentals\annual\DRREDDY.NS_annual_normalized.csv
2025-12-21 12:55:04,603 - __main__ - INFO - [OK] Ingested 5 annual records for DRREDDY.NS
2025-12-21 12:55:04,603 - __main__ - INFO - Fetching data for CIPLA.NS...
2025-12-21 12:55:11,014 - __main__ - INFO - Saved normalized CSV: C:\Projects\AI-Powered-Mobile-Stock-Screener-and-Advisory-Platform\data\processed\fundamentals\annual\CIPLA.NS_annual_normalized.csv
2025-12-21 12:55:11,036 - __main__ - INFO - [OK] Ingested 4 annual records for CIPLA.NS
2025-12-21 12:55:11,036 - __main__ - INFO - Fetching data for DIVISLAB.NS...
2025-12-21 12:55:16,821 - __main__ - INFO - Saved normalized CSV: C:\Projects\AI-Powered-Mobile-Stock-Screener-and-Advisory-Platform\data\processed\fundamentals\annual\DIVISLAB.NS_annual_normalized.csv
2025-12-21 12:55:16,842 - __main__ - INFO - [OK] Ingested 4 annual records for DIVISLAB.NS
2025-12-21 12:55:16,843 - __main__ - INFO - Fetching data for AUROPHARMA.NS...
2025-12-21 12:55:23,484 - __main__ - INFO - Saved normalized CSV: C:\Projects\AI-Powered-Mobile-Stock-Screener-and-Advisory-Platform\data\processed\fundamentals\annual\AUROPHARMA.NS_annual_normalized.csv
2025-12-21 12:55:23,496 - __main__ - INFO - [OK] Ingested 5 annual records for AUROPHARMA.NS
2025-12-21 12:55:23,497 - __main__ - INFO - Fetching data for BIOCON.NS...
2025-12-21 12:55:28,835 - __main__ - INFO - Saved normalized CSV: C:\Projects\AI-Powered-Mobile-Stock-Screener-and-Advisory-Platform\data\processed\fundamentals\annual\BIOCON.NS_annual_normalized.csv
2025-12-21 12:55:28,854 - __main__ - INFO - [OK] Ingested 5 annual records for BIOCON.NS
2025-12-21 12:55:28,854 - __main__ - INFO - Fetching data for ITC.NS...
2025-12-21 12:55:35,032 - __main__ - INFO - Saved normalized CSV: C:\Projects\AI-Powered-Mobile-Stock-Screener-and-Advisory-Platform\data\processed\fundamentals\annual\ITC.NS_annual_normalized.csv
2025-12-21 12:55:35,053 - __main__ - INFO - [OK] Ingested 5 annual records for ITC.NS
2025-12-21 12:55:35,056 - __main__ - INFO - Fetching data for HINDUNILVR.NS...
2025-12-21 12:55:40,619 - __main__ - INFO - Saved normalized CSV: C:\Projects\AI-Powered-Mobile-Stock-Screener-and-Advisory-Platform\data\processed\fundamentals\annual\HINDUNILVR.NS_annual_normalized.csv
2025-12-21 12:55:40,643 - __main__ - INFO - [OK] Ingested 5 annual records for HINDUNILVR.NS
2025-12-21 12:55:40,643 - __main__ - INFO - Fetching data for NESTLEIND.NS...
2025-12-21 12:55:45,703 - __main__ - INFO - Saved normalized CSV: C:\Projects\AI-Powered-Mobile-Stock-Screener-and-Advisory-Platform\data\processed\fundamentals\annual\NESTLEIND.NS_annual_normalized.csv
2025-12-21 12:55:45,720 - __main__ - INFO - [OK] Ingested 4 annual records for NESTLEIND.NS
2025-12-21 12:55:45,720 - __main__ - INFO - Fetching data for BRITANNIA.NS...
2025-12-21 12:55:51,060 - __main__ - INFO - Saved normalized CSV: C:\Projects\AI-Powered-Mobile-Stock-Screener-and-Advisory-Platform\data\processed\fundamentals\annual\BRITANNIA.NS_annual_normalized.csv
2025-12-21 12:55:51,075 - __main__ - INFO - [OK] Ingested 5 annual records for BRITANNIA.NS
2025-12-21 12:55:51,077 - __main__ - INFO - Fetching data for DABUR.NS...
2025-12-21 12:55:57,232 - __main__ - INFO - Saved normalized CSV: C:\Projects\AI-Powered-Mobile-Stock-Screener-and-Advisory-Platform\data\processed\fundamentals\annual\DABUR.NS_annual_normalized.csv
2025-12-21 12:55:57,243 - __main__ - INFO - [OK] Ingested 4 annual records for DABUR.NS
2025-12-21 12:55:57,243 - __main__ - INFO - Fetching data for GODREJCP.NS...
2025-12-21 12:56:02,505 - __main__ - INFO - Saved normalized CSV: C:\Projects\AI-Powered-Mobile-Stock-Screener-and-Advisory-Platform\data\processed\fundamentals\annual\GODREJCP.NS_annual_normalized.csv
2025-12-21 12:56:02,522 - __main__ - INFO - [OK] Ingested 5 annual records for GODREJCP.NS
2025-12-21 12:56:02,524 - __main__ - INFO - Fetching data for MARICO.NS...
2025-12-21 12:56:08,394 - __main__ - INFO - Saved normalized CSV: C:\Projects\AI-Powered-Mobile-Stock-Screener-and-Advisory-Platform\data\processed\fundamentals\annual\MARICO.NS_annual_normalized.csv
2025-12-21 12:56:08,403 - __main__ - INFO - [OK] Ingested 5 annual records for MARICO.NS
2025-12-21 12:56:08,403 - __main__ - INFO - Fetching data for BHARTIARTL.NS...
2025-12-21 12:56:14,214 - __main__ - INFO - Saved normalized CSV: C:\Projects\AI-Powered-Mobile-Stock-Screener-and-Advisory-Platform\data\processed\fundamentals\annual\BHARTIARTL.NS_annual_normalized.csv
2025-12-21 12:56:14,224 - __main__ - INFO - [OK] Ingested 5 annual records for BHARTIARTL.NS
2025-12-21 12:56:14,224 - __main__ - INFO - Fetching data for ZEEL.NS...
2025-12-21 12:56:19,370 - __main__ - INFO - Saved normalized CSV: C:\Projects\AI-Powered-Mobile-Stock-Screener-and-Advisory-Platform\data\processed\fundamentals\annual\ZEEL.NS_annual_normalized.csv
2025-12-21 12:56:19,387 - __main__ - INFO - [OK] Ingested 5 annual records for ZEEL.NS
2025-12-21 12:56:19,387 - __main__ - INFO - Fetching data for SUNTV.NS...
2025-12-21 12:56:24,337 - __main__ - INFO - Saved normalized CSV: C:\Projects\AI-Powered-Mobile-Stock-Screener-and-Advisory-Platform\data\processed\fundamentals\annual\SUNTV.NS_annual_normalized.csv
2025-12-21 12:56:24,345 - __main__ - INFO - [OK] Ingested 4 annual records for SUNTV.NS
2025-12-21 12:56:24,345 - __main__ - INFO - Fetching data for ULTRACEMCO.NS...
2025-12-21 12:56:29,599 - __main__ - INFO - Saved normalized CSV: C:\Projects\AI-Powered-Mobile-Stock-Screener-and-Advisory-Platform\data\processed\fundamentals\annual\ULTRACEMCO.NS_annual_normalized.csv
2025-12-21 12:56:29,615 - __main__ - INFO - [OK] Ingested 5 annual records for ULTRACEMCO.NS
2025-12-21 12:56:29,616 - __main__ - INFO - Fetching data for GRASIM.NS...
2025-12-21 12:56:34,571 - __main__ - INFO - Saved normalized CSV: C:\Projects\AI-Powered-Mobile-Stock-Screener-and-Advisory-Platform\data\processed\fundamentals\annual\GRASIM.NS_annual_normalized.csv
2025-12-21 12:56:34,589 - __main__ - INFO - [OK] Ingested 5 annual records for GRASIM.NS
2025-12-21 12:56:34,589 - __main__ - INFO - Fetching data for SHREECEM.NS...
2025-12-21 12:56:39,619 - __main__ - INFO - Saved normalized CSV: C:\Projects\AI-Powered-Mobile-Stock-Screener-and-Advisory-Platform\data\processed\fundamentals\annual\SHREECEM.NS_annual_normalized.csv
2025-12-21 12:56:39,628 - __main__ - INFO - [OK] Ingested 5 annual records for SHREECEM.NS
2025-12-21 12:56:39,628 - __main__ - INFO - Fetching data for AMBUJACEM.NS...
2025-12-21 12:56:44,149 - __main__ - INFO - Saved normalized CSV: C:\Projects\AI-Powered-Mobile-Stock-Screener-and-Advisory-Platform\data\processed\fundamentals\annual\AMBUJACEM.NS_annual_normalized.csv
2025-12-21 12:56:44,161 - __main__ - INFO - [OK] Ingested 4 annual records for AMBUJACEM.NS
2025-12-21 12:56:44,161 - __main__ - INFO - Fetching data for ACC.NS...
2025-12-21 12:56:49,783 - __main__ - INFO - Saved normalized CSV: C:\Projects\AI-Powered-Mobile-Stock-Screener-and-Advisory-Platform\data\processed\fundamentals\annual\ACC.NS_annual_normalized.csv
2025-12-21 12:56:49,804 - __main__ - INFO - [OK] Ingested 5 annual records for ACC.NS
2025-12-21 12:56:49,804 - __main__ - INFO - Fetching data for LT.NS...
2025-12-21 12:56:55,218 - __main__ - INFO - Saved normalized CSV: C:\Projects\AI-Powered-Mobile-Stock-Screener-and-Advisory-Platform\data\processed\fundamentals\annual\LT.NS_annual_normalized.csv
2025-12-21 12:56:55,226 - __main__ - INFO - [OK] Ingested 5 annual records for LT.NS
2025-12-21 12:56:55,226 - __main__ - INFO - Fetching data for TATASTEEL.NS...
2025-12-21 12:57:01,253 - __main__ - INFO - Saved normalized CSV: C:\Projects\AI-Powered-Mobile-Stock-Screener-and-Advisory-Platform\data\processed\fundamentals\annual\TATASTEEL.NS_annual_normalized.csv
2025-12-21 12:57:01,270 - __main__ - INFO - [OK] Ingested 5 annual records for TATASTEEL.NS
2025-12-21 12:57:01,270 - __main__ - INFO - Fetching data for HINDALCO.NS...
2025-12-21 12:57:07,319 - __main__ - INFO - Saved normalized CSV: C:\Projects\AI-Powered-Mobile-Stock-Screener-and-Advisory-Platform\data\processed\fundamentals\annual\HINDALCO.NS_annual_normalized.csv
2025-12-21 12:57:07,319 - __main__ - INFO - [OK] Ingested 5 annual records for HINDALCO.NS
2025-12-21 12:57:07,319 - __main__ - INFO - Fetching data for JSWSTEEL.NS...
2025-12-21 12:57:13,150 - __main__ - INFO - Saved normalized CSV: C:\Projects\AI-Powered-Mobile-Stock-Screener-and-Advisory-Platform\data\processed\fundamentals\annual\JSWSTEEL.NS_annual_normalized.csv
2025-12-21 12:57:13,169 - __main__ - INFO - [OK] Ingested 4 annual records for JSWSTEEL.NS
2025-12-21 12:57:13,169 - __main__ - INFO - Fetching data for VEDL.NS...
2025-12-21 12:57:18,934 - __main__ - INFO - Saved normalized CSV: C:\Projects\AI-Powered-Mobile-Stock-Screener-and-Advisory-Platform\data\processed\fundamentals\annual\VEDL.NS_annual_normalized.csv
2025-12-21 12:57:18,966 - __main__ - INFO - [OK] Ingested 5 annual records for VEDL.NS
2025-12-21 12:57:18,967 - __main__ - INFO - Fetching data for HINDZINC.NS...
2025-12-21 12:57:24,187 - __main__ - INFO - Saved normalized CSV: C:\Projects\AI-Powered-Mobile-Stock-Screener-and-Advisory-Platform\data\processed\fundamentals\annual\HINDZINC.NS_annual_normalized.csv
2025-12-21 12:57:24,197 - __main__ - INFO - [OK] Ingested 4 annual records for HINDZINC.NS
2025-12-21 12:57:24,199 - __main__ - INFO - Fetching data for TITAN.NS...
2025-12-21 12:57:29,468 - __main__ - INFO - Saved normalized CSV: C:\Projects\AI-Powered-Mobile-Stock-Screener-and-Advisory-Platform\data\processed\fundamentals\annual\TITAN.NS_annual_normalized.csv
2025-12-21 12:57:29,487 - __main__ - INFO - [OK] Ingested 4 annual records for TITAN.NS
2025-12-21 12:57:29,487 - __main__ - INFO - Fetching data for DMART.NS...
2025-12-21 12:57:33,844 - __main__ - INFO - Saved normalized CSV: C:\Projects\AI-Powered-Mobile-Stock-Screener-and-Advisory-Platform\data\processed\fundamentals\annual\DMART.NS_annual_normalized.csv
2025-12-21 12:57:33,876 - __main__ - INFO - [OK] Ingested 4 annual records for DMART.NS
2025-12-21 12:57:33,879 - __main__ - INFO - Fetching data for TRENT.NS...
2025-12-21 12:57:39,371 - __main__ - INFO - Saved normalized CSV: C:\Projects\AI-Powered-Mobile-Stock-Screener-and-Advisory-Platform\data\processed\fundamentals\annual\TRENT.NS_annual_normalized.csv
2025-12-21 12:57:39,392 - __main__ - INFO - [OK] Ingested 5 annual records for TRENT.NS
2025-12-21 12:57:39,394 - __main__ - INFO - Fetching data for ABFRL.NS...
2025-12-21 12:57:45,296 - __main__ - INFO - Saved normalized CSV: C:\Projects\AI-Powered-Mobile-Stock-Screener-and-Advisory-Platform\data\processed\fundamentals\annual\ABFRL.NS_annual_normalized.csv
2025-12-21 12:57:45,322 - __main__ - INFO - [OK] Ingested 4 annual records for ABFRL.NS
2025-12-21 12:57:45,322 - __main__ - INFO - Fetching data for ASIANPAINT.NS...
2025-12-21 12:57:51,211 - __main__ - INFO - Saved normalized CSV: C:\Projects\AI-Powered-Mobile-Stock-Screener-and-Advisory-Platform\data\processed\fundamentals\annual\ASIANPAINT.NS_annual_normalized.csv
2025-12-21 12:57:51,237 - __main__ - INFO - [OK] Ingested 5 annual records for ASIANPAINT.NS
2025-12-21 12:57:51,243 - __main__ - INFO - Fetching data for BERGER.NS...
2025-12-21 12:57:54,177 - yfinance - ERROR - HTTP Error 404: {"quoteSummary":{"result":null,"error":{"code":"Not Found","description":"Quote not found for symbol: BERGER.NS"}}}
2025-12-21 12:57:55,922 - yfinance - ERROR - HTTP Error 404: {"quoteSummary":{"result":null,"error":{"code":"Not Found","description":"Quote not found for symbol: BERGER.NS"}}}
2025-12-21 12:57:56,664 - yfinance - ERROR - HTTP Error 404: {"quoteSummary":{"result":null,"error":{"code":"Not Found","description":"Quote not found for symbol: BERGER.NS"}}}
2025-12-21 12:57:57,572 - yfinance - ERROR - HTTP Error 404: {"quoteSummary":{"result":null,"error":{"code":"Not Found","description":"Quote not found for symbol: BERGER.NS"}}}
2025-12-21 12:57:58,376 - yfinance - ERROR - $BERGER.NS: possibly delisted; no timezone found
2025-12-21 12:57:58,379 - __main__ - WARNING - No annual data for BERGER.NS
2025-12-21 12:57:58,379 - __main__ - INFO - Fetching data for PIDILITIND.NS...
2025-12-21 12:58:04,470 - __main__ - INFO - Saved normalized CSV: C:\Projects\AI-Powered-Mobile-Stock-Screener-and-Advisory-Platform\data\processed\fundamentals\annual\PIDILITIND.NS_annual_normalized.csv
2025-12-21 12:58:04,498 - __main__ - INFO - [OK] Ingested 4 annual records for PIDILITIND.NS
2025-12-21 12:58:04,500 - __main__ - INFO - Annual fundamentals ingestion complete: 314 total records
2025-12-21 12:58:04,502 - __main__ - INFO - 
============================================================
2025-12-21 12:58:04,503 - __main__ - INFO - FUNDAMENTALS INGESTION COMPLETE
2025-12-21 12:58:04,504 - __main__ - INFO - ============================================================
2025-12-21 12:58:04,508 - __main__ - INFO - Quarterly records: 387
2025-12-21 12:58:04,508 - __main__ - INFO - Annual records: 314
2025-12-21 12:58:04,508 - __main__ - INFO - Total records: 701
2025-12-21 12:58:04,511 - __main__ - INFO - Time elapsed: 0:12:48.328591
2025-12-21 12:58:04,512 - __main__ - INFO - Processed data saved to: C:\Projects\AI-Powered-Mobile-Stock-Screener-and-Advisory-Platform\storage\processed\fundamentals\2025-12-21
2025-12-21 12:58:04,512 - __main__ - INFO - ============================================================
