2026-01-10 19:17:43,544 - INFO - 
================================================================================
2026-01-10 19:17:43,551 - INFO - ANALYST DATA MODULE - MASTER INGESTION
2026-01-10 19:17:43,551 - INFO - ================================================================================

2026-01-10 19:17:43,552 - INFO - ================================================================================
2026-01-10 19:17:43,552 - INFO - Starting: Analyst Estimates & Price Targets
2026-01-10 19:17:43,553 - INFO - ================================================================================
2026-01-10 19:23:52,089 - INFO - ================================================================================
2026-01-10 19:23:52,090 - INFO - Starting: Buyback Announcements
2026-01-10 19:23:52,090 - INFO - ================================================================================
2026-01-10 20:10:17,918 - INFO - ================================================================================
2026-01-10 20:10:17,918 - INFO - Starting: Earnings Calendar
2026-01-10 20:10:17,918 - INFO - ================================================================================
2026-01-10 20:18:14,168 - INFO - 
================================================================================
2026-01-10 20:18:14,168 - INFO - FINAL SUMMARY
2026-01-10 20:18:14,168 - INFO - ================================================================================
2026-01-10 20:18:14,168 - INFO - 
2026-01-10 20:18:14,168 - INFO - Pipelines Succeeded: 3/3
2026-01-10 20:18:14,168 - INFO - Total Time: 1:00:30.616162
2026-01-10 20:18:14,168 - INFO - ================================================================================
